app/build/intermediates/manifest_merge_blame_file/debug/manifest-merger-blame-debug-report.txt
1<?xml version="1.0" encoding="utf-8"?>
2<manifest xmlns:android="http://schemas.android.com/apk/res/android"
3    package="com.example.android.wifidirect"
4    android:versionCode="1"
5    android:versionName="1.0" >
6
7    <uses-sdk
8        android:minSdkVersion="23"
8-->src/main/AndroidManifest.xml
9        android:targetSdkVersion="23" />
9-->src/main/AndroidManifest.xml
10
11    <!-- runtime permission check API is on Android 6.0 or higher -->
12    <uses-permission android:name="android.permission.ACCESS_WIFI_STATE" />
12-->src/main/AndroidManifest.xml:6:5-76
12-->src/main/AndroidManifest.xml:6:22-73
13    <uses-permission android:name="android.permission.CHANGE_WIFI_STATE" />
13-->src/main/AndroidManifest.xml:7:5-76
13-->src/main/AndroidManifest.xml:7:22-73
14    <uses-permission android:name="android.permission.CHANGE_NETWORK_STATE" />
14-->src/main/AndroidManifest.xml:8:5-79
14-->src/main/AndroidManifest.xml:8:22-76
15    <uses-permission android:name="android.permission.INTERNET" />
15-->src/main/AndroidManifest.xml:9:5-67
15-->src/main/AndroidManifest.xml:9:22-64
16    <uses-permission android:name="android.permission.ACCESS_NETWORK_STATE" />
16-->src/main/AndroidManifest.xml:10:5-79
16-->src/main/AndroidManifest.xml:10:22-76
17    <uses-permission android:name="android.permission.READ_PHONE_STATE" />
17-->src/main/AndroidManifest.xml:11:5-75
17-->src/main/AndroidManifest.xml:11:22-72
18    <uses-permission android:name="android.permission.WRITE_EXTERNAL_STORAGE" />
18-->src/main/AndroidManifest.xml:12:5-81
18-->src/main/AndroidManifest.xml:12:22-78
19    <uses-permission android:name="android.permission.ACCESS_FINE_LOCATION" />
19-->src/main/AndroidManifest.xml:13:5-79
19-->src/main/AndroidManifest.xml:13:22-76
20
21    <!-- Google Play filtering -->
22    <uses-feature
22-->src/main/AndroidManifest.xml:16:5-88
23        android:name="android.hardware.wifi.direct"
23-->src/main/AndroidManifest.xml:16:19-62
24        android:required="true" />
24-->src/main/AndroidManifest.xml:16:63-86
25
26    <application
26-->src/main/AndroidManifest.xml:18:5-46:19
27        android:appComponentFactory="android.support.v4.app.CoreComponentFactory"
27-->[com.android.support:support-compat:28.0.0] AndroidManifest.xml:22:18-91
28        android:debuggable="true"
29        android:extractNativeLibs="false"
30        android:icon="@drawable/ic_launcher"
30-->src/main/AndroidManifest.xml:19:9-45
31        android:label="@string/app_name"
31-->src/main/AndroidManifest.xml:20:9-41
32        android:testOnly="true"
33        android:theme="@android:style/Theme.Holo" >
33-->src/main/AndroidManifest.xml:21:9-50
34        <activity
34-->src/main/AndroidManifest.xml:22:9-31:20
35            android:name="com.example.android.wifidirect.WiFiDirectActivity"
35-->src/main/AndroidManifest.xml:23:13-47
36            android:label="@string/app_name"
36-->src/main/AndroidManifest.xml:24:13-45
37            android:launchMode="singleTask" >
37-->src/main/AndroidManifest.xml:24:46-77
38            <intent-filter>
38-->src/main/AndroidManifest.xml:25:13-30:29
39                <action android:name="android.intent.action.MAIN" />
39-->src/main/AndroidManifest.xml:26:17-27:65
39-->src/main/AndroidManifest.xml:27:21-62
40
41                <category android:name="android.intent.category.LAUNCHER" />
41-->src/main/AndroidManifest.xml:28:17-29:71
41-->src/main/AndroidManifest.xml:29:21-68
42            </intent-filter>
43        </activity>
44
45        <provider
45-->src/main/AndroidManifest.xml:33:9-41:20
46            android:name="android.support.v4.content.FileProvider"
46-->src/main/AndroidManifest.xml:34:13-67
47            android:authorities="com.example.android.wifidirect.fileprovider"
47-->src/main/AndroidManifest.xml:35:13-78
48            android:exported="false"
48-->src/main/AndroidManifest.xml:36:13-37
49            android:grantUriPermissions="true" >
49-->src/main/AndroidManifest.xml:37:13-47
50            <meta-data
50-->src/main/AndroidManifest.xml:38:13-40:58
51                android:name="android.support.FILE_PROVIDER_PATHS"
51-->src/main/AndroidManifest.xml:39:17-67
52                android:resource="@xml/provider_paths" />
52-->src/main/AndroidManifest.xml:40:17-55
53        </provider>
54
55        <!-- Used for transferring files  after a successful connection -->
56        <service
56-->src/main/AndroidManifest.xml:44:9-79
57            android:name="com.example.android.wifidirect.FileTransferService"
57-->src/main/AndroidManifest.xml:44:41-76
58            android:enabled="true" />
58-->src/main/AndroidManifest.xml:44:18-40
59    </application>
60
61</manifest>